<?xml version="1.0" encoding="UTF-8"?>
<!-- Generated by org.testng.reporters.JUnitReportReporter -->
<testsuite hostname="Devansh" failures="0" tests="1" name="test.SmokeTest" time="33.968" errors="0" timestamp="2023-06-16T01:01:43 IST" skipped="0">
  <testcase classname="test.SmokeTest" name="LoginTest" time="33.968"/>
  <system-out/>
</testsuite> <!-- test.SmokeTest -->
